1 10 20
100 200 125
201 210 89
900 1000 174
1 999999 476
1 1 1
10 1 20
200 100 125
210 201 89
1000 900 174
999999 1 476
57531 88198 351
25786 89434 351
111448 80015 354
29418 66943 340
19209 47970 324
11361 8937 268
19362 3216 279
71429 13434 340
73301 102542 351
1331 27761 308
83864 42769 351
25349 50419 324
64356 6217 340
32365 100264 351
5548 99463 351
17515 15570 266
74280 109173 354
57495 24838 340
75806 86913 351
44272 95014 351
87374 55632 351
56442 106735 354
11339 80363 351
72661 84639 351
22015 73991 340
64892 105878 351
69252 90240 351
42916 20226 324
48948 27772 324
7108 6987 195
13853 24622 282
22557 88132 351
86287 32543 351
65461 48711 340
71947 109732 354
96217 111813 354
4474 39277 324
105166 15813 351
72131 16937 340
52943 94146 351
43420 70326 340
86642 112671 354
47184 82049 351
85388 96132 333
109820 92495 354
103118 10292 351
69608 78166 351
50915 42513 314
63201 2995 340
43716 21766 324
65218 92424 351
20197 69692 340
84192 77855 338
37996 42942 306
47283 43430 314
23706 43194 324
375 62839 340
108356 50 354
31507 80362 351
48673 27945 324
11967 104283 351
104109 81575 341
69067 41643 340
76579 84759 351
110510 72786 354
59017 14838 340
51828 31705 324
37021 22639 324
62051 75016 330
18072 109334 354
70938 41777 340
105019 71312 351
57107 99994 351
71361 88613 351
66974 6653 340
69050 78941 351
63427 12269 340
113007 84985 354
6403 28696 308
56363 3531 340
101482 1998 351
84242 105801 341
33702 7881 308
15058 48245 324
82897 99002 333
44197 106326 354
93270 35834 351
64256 36996 340
88319 88108 302
12227 41912 324
47252 33768 324
73344 110678 354
46037 25461 324
82282 52439 351
54156 25263 340
8462 42256 324
93133 92703 315
100549 79326 341
100583 2225 351
14189 22590 279
